0 info it worked if it ends with ok
1 verbose cli [ 'node', '/usr/local/bin/npm', 'start' ]
2 info using npm@3.7.2
3 info using node@v0.12.6
4 verbose node symlink /usr/local/bin/node
5 verbose config Skipping project config: /Users/Andrew/.npmrc. (matches userconfig)
6 verbose stack Error: ENOENT, open '/Users/Andrew/package.json'
6 verbose stack     at Error (native)
7 verbose cwd /Users/Andrew/Projects/Octoblu/flow-json-schema
8 error Darwin 15.2.0
9 error argv "node" "/usr/local/bin/npm" "start"
10 error node v0.12.6
11 error npm  v3.7.2
12 error path /Users/Andrew/package.json
13 error code ENOENT
14 error errno -2
15 error enoent ENOENT, open '/Users/Andrew/package.json'
16 error enoent ENOENT, open '/Users/Andrew/package.json'
16 error enoent This is most likely not a problem with npm itself
16 error enoent and is related to npm not being able to find a file.
17 verbose exit [ -2, true ]
